<?xml version="1.0" encoding="UTF-8"?>
<!-- Generated by org.testng.reporters.JUnitReportReporter -->
<testsuite skipped="0" hostname="DESKTOP-F497OVL" name="com.training.sanity.tests.MyCourse" tests="1" failures="0" timestamp="2020-08-28T08:42:58 IST" time="13.950" errors="0">
  <testcase name="verifyCourseList" time="13.950" classname="com.training.sanity.tests.MyCourse"/>
  <system-out/>
</testsuite> <!-- com.training.sanity.tests.MyCourse -->
