<?xml version="1.0" encoding="UTF-8"?>
<!-- Generated by org.testng.reporters.JUnitReportReporter -->
<testsuite skipped="0" hostname="DESKTOP-F497OVL" name="com.training.sanity.tests.StudentRegistration" tests="1" failures="0" timestamp="2020-08-25T09:32:53 IST" time="27.167" errors="0">
  <testcase name="verifyCourseList" time="27.167" classname="com.training.sanity.tests.StudentRegistration"/>
  <system-out/>
</testsuite> <!-- com.training.sanity.tests.StudentRegistration -->
